\BOOKMARK [0][-]{chapter.1}{L\220importanza di SQLite nell\220informatica forense}{}% 1
\BOOKMARK [1][-]{section.1.1}{Il motore di database pi\371 utilizzato al mondo}{chapter.1}% 2
\BOOKMARK [1][-]{section.1.2}{Quanto \350 importante recuperare i dati?}{chapter.1}% 3
\BOOKMARK [0][-]{chapter.2}{Introduzione a SQLite}{}% 4
\BOOKMARK [1][-]{section.2.1}{Cos\220\350 SQLite?}{chapter.2}% 5
\BOOKMARK [1][-]{section.2.2}{Caratteristiche principali}{chapter.2}% 6
\BOOKMARK [1][-]{section.2.3}{Confronto con i motori SQL dotati di server}{chapter.2}% 7
\BOOKMARK [0][-]{chapter.3}{Il formato dei database file}{}% 8
\BOOKMARK [1][-]{section.3.1}{I file Hot Journals}{chapter.3}% 9
\BOOKMARK [1][-]{section.3.2}{Pagine}{chapter.3}% 10
\BOOKMARK [1][-]{section.3.3}{Header del database}{chapter.3}% 11
\BOOKMARK [1][-]{section.3.4}{Freelist}{chapter.3}% 12
\BOOKMARK [1][-]{section.3.5}{Le pagine di tipo b-tree}{chapter.3}% 13
\BOOKMARK [2][-]{subsection.3.5.1}{Struttura}{section.3.5}% 14
\BOOKMARK [2][-]{subsection.3.5.2}{Il formato dell\220header}{section.3.5}% 15
\BOOKMARK [2][-]{subsection.3.5.3}{Freeblock}{section.3.5}% 16
\BOOKMARK [1][-]{section.3.6}{Tipi di dati}{chapter.3}% 17
\BOOKMARK [1][-]{section.3.7}{Il formato dei record}{chapter.3}% 18
\BOOKMARK [0][-]{chapter.4}{Risorse utili al recupero dei record cancellati}{}% 19
\BOOKMARK [1][-]{section.4.1}{Le freelist}{chapter.4}% 20
\BOOKMARK [1][-]{section.4.2}{I freeblock e l'area non allocata}{chapter.4}% 21
\BOOKMARK [0][-]{chapter.5}{Contrastare il recupero dei dati}{}% 22
\BOOKMARK [1][-]{section.5.1}{Le direttive}{chapter.5}% 23
\BOOKMARK [1][-]{section.5.2}{Il comando vacuum}{chapter.5}% 24
\BOOKMARK [0][-]{chapter.6}{SQLite Recovery}{}% 25
\BOOKMARK [1][-]{section.6.1}{Ambiente di testing}{chapter.6}% 26
\BOOKMARK [1][-]{section.6.2}{Patterns}{chapter.6}% 27
\BOOKMARK [1][-]{section.6.3}{Risultati ottenuti}{chapter.6}% 28
\BOOKMARK [1][-]{section.6.4}{Implementazione}{chapter.6}% 29
\BOOKMARK [1][-]{section.6.5}{Interfaccia}{chapter.6}% 30
\BOOKMARK [0][-]{chapter.7}{Conclusioni}{}% 31
\BOOKMARK [1][-]{section.7.1}{Sviluppi futuri di SQLite Recovery}{chapter.7}% 32
\BOOKMARK [0][-]{chapter*.19}{Bibliografia}{}% 33
